<?xml version="1.0" encoding="UTF-8"?>
<testsuite xmlns:xsi="http://www.w3.org/2001/XMLSchema-instance" xsi:noNamespaceSchemaLocation="https://maven.apache.org/surefire/maven-surefire-plugin/xsd/surefire-test-report.xsd" name="com.itheima.publisher.SpringAMQPTest" time="3.112" tests="3" errors="0" skipped="0" failures="0">
  <properties>
[...]
</properties>
  <testcase name="testSimpleQueue" classname="com.itheima.publisher.SpringAMQPTest" time="0.377"/>
  <testcase name="testFanoutExchange" classname="com.itheima.publisher.SpringAMQPTest" time="0.001"/>
  <testcase name="testWorkQueue" classname="com.itheima.publisher.SpringAMQPTest" time="1.523"/>
</testsuite>